Performing C SOURCE FILE Test CMAKE_HAVE_LIBC_PTHREAD failed with the following output:
Change Dir: /home/kevin/Documents/Github/kVisons/Triangulation/cmake-build-debug/CMakeFiles/CMakeTmp

Run Build Command(s):/usr/bin/make cmTC_ba9ac/fast && /usr/bin/make -f CMakeFiles/cmTC_ba9ac.dir/build.make CMakeFiles/cmTC_ba9ac.dir/build
make[1]: Entering directory '/home/kevin/Documents/Github/kVisons/Triangulation/cmake-build-debug/CMakeFiles/CMakeTmp'
Building C object CMakeFiles/cmTC_ba9ac.dir/src.c.o
/usr/bin/cc   -DCMAKE_HAVE_LIBC_PTHREAD   -o CMakeFiles/cmTC_ba9ac.dir/src.c.o   -c /home/kevin/Documents/Github/kVisons/Triangulation/cmake-build-debug/CMakeFiles/CMakeTmp/src.c
Linking C executable cmTC_ba9ac
/home/kevin/Apps/Clion/bin/cmake/linux/bin/cmake -E cmake_link_script CMakeFiles/cmTC_ba9ac.dir/link.txt --verbose=1
/usr/bin/cc  -DCMAKE_HAVE_LIBC_PTHREAD    -rdynamic CMakeFiles/cmTC_ba9ac.dir/src.c.o  -o cmTC_ba9ac 
CMakeFiles/cmTC_ba9ac.dir/src.c.o: In function `main':
src.c:(.text+0x3c): undefined reference to `pthread_create'
src.c:(.text+0x48): undefined reference to `pthread_detach'
src.c:(.text+0x59): undefined reference to `pthread_join'
src.c:(.text+0x6d): undefined reference to `pthread_atfork'
collect2: error: ld returned 1 exit status
CMakeFiles/cmTC_ba9ac.dir/build.make:86: recipe for target 'cmTC_ba9ac' failed
make[1]: *** [cmTC_ba9ac] Error 1
make[1]: Leaving directory '/home/kevin/Documents/Github/kVisons/Triangulation/cmake-build-debug/CMakeFiles/CMakeTmp'
Makefile:121: recipe for target 'cmTC_ba9ac/fast' failed
make: *** [cmTC_ba9ac/fast] Error 2


Source file was:
#include <pthread.h>

void* test_func(void* data)
{
  return data;
}

int main(void)
{
  pthread_t thread;
  pthread_create(&thread, NULL, test_func, NULL);
  pthread_detach(thread);
  pthread_join(thread, NULL);
  pthread_atfork(NULL, NULL, NULL);
  pthread_exit(NULL);

  return 0;
}

Determining if the function pthread_create exists in the pthreads failed with the following output:
Change Dir: /home/kevin/Documents/Github/kVisons/Triangulation/cmake-build-debug/CMakeFiles/CMakeTmp

Run Build Command(s):/usr/bin/make cmTC_199b4/fast && /usr/bin/make -f CMakeFiles/cmTC_199b4.dir/build.make CMakeFiles/cmTC_199b4.dir/build
make[1]: Entering directory '/home/kevin/Documents/Github/kVisons/Triangulation/cmake-build-debug/CMakeFiles/CMakeTmp'
Building C object CMakeFiles/cmTC_199b4.dir/CheckFunctionExists.c.o
/usr/bin/cc   -DCHECK_FUNCTION_EXISTS=pthread_create   -o CMakeFiles/cmTC_199b4.dir/CheckFunctionExists.c.o   -c /home/kevin/Apps/Clion/bin/cmake/linux/share/cmake-3.16/Modules/CheckFunctionExists.c
Linking C executable cmTC_199b4
/home/kevin/Apps/Clion/bin/cmake/linux/bin/cmake -E cmake_link_script CMakeFiles/cmTC_199b4.dir/link.txt --verbose=1
/usr/bin/cc  -DCHECK_FUNCTION_EXISTS=pthread_create    -rdynamic CMakeFiles/cmTC_199b4.dir/CheckFunctionExists.c.o  -o cmTC_199b4  -lpthreads 
/usr/bin/ld: cannot find -lpthreads
collect2: error: ld returned 1 exit status
CMakeFiles/cmTC_199b4.dir/build.make:86: recipe for target 'cmTC_199b4' failed
make[1]: *** [cmTC_199b4] Error 1
make[1]: Leaving directory '/home/kevin/Documents/Github/kVisons/Triangulation/cmake-build-debug/CMakeFiles/CMakeTmp'
Makefile:121: recipe for target 'cmTC_199b4/fast' failed
make: *** [cmTC_199b4/fast] Error 2



