Performing C SOURCE FILE Test CMAKE_HAVE_LIBC_PTHREAD failed with the following output:
Change Dir: /home/kevin/Documents/Github/kVisons/kslam/cmake-build-debug/CMakeFiles/CMakeTmp

Run Build Command(s):/usr/bin/make cmTC_5ebec/fast && /usr/bin/make -f CMakeFiles/cmTC_5ebec.dir/build.make CMakeFiles/cmTC_5ebec.dir/build
make[1]: Entering directory '/home/kevin/Documents/Github/kVisons/kslam/cmake-build-debug/CMakeFiles/CMakeTmp'
Building C object CMakeFiles/cmTC_5ebec.dir/src.c.o
/usr/bin/cc   -DCMAKE_HAVE_LIBC_PTHREAD   -o CMakeFiles/cmTC_5ebec.dir/src.c.o   -c /home/kevin/Documents/Github/kVisons/kslam/cmake-build-debug/CMakeFiles/CMakeTmp/src.c
Linking C executable cmTC_5ebec
/home/kevin/Apps/Clion/bin/cmake/linux/bin/cmake -E cmake_link_script CMakeFiles/cmTC_5ebec.dir/link.txt --verbose=1
/usr/bin/cc  -DCMAKE_HAVE_LIBC_PTHREAD    -rdynamic CMakeFiles/cmTC_5ebec.dir/src.c.o  -o cmTC_5ebec 
CMakeFiles/cmTC_5ebec.dir/src.c.o: In function `main':
src.c:(.text+0x3c): undefined reference to `pthread_create'
src.c:(.text+0x48): undefined reference to `pthread_detach'
src.c:(.text+0x59): undefined reference to `pthread_join'
src.c:(.text+0x6d): undefined reference to `pthread_atfork'
collect2: error: ld returned 1 exit status
CMakeFiles/cmTC_5ebec.dir/build.make:86: recipe for target 'cmTC_5ebec' failed
make[1]: *** [cmTC_5ebec] Error 1
make[1]: Leaving directory '/home/kevin/Documents/Github/kVisons/kslam/cmake-build-debug/CMakeFiles/CMakeTmp'
Makefile:121: recipe for target 'cmTC_5ebec/fast' failed
make: *** [cmTC_5ebec/fast] Error 2


Source file was:
#include <pthread.h>

void* test_func(void* data)
{
  return data;
}

int main(void)
{
  pthread_t thread;
  pthread_create(&thread, NULL, test_func, NULL);
  pthread_detach(thread);
  pthread_join(thread, NULL);
  pthread_atfork(NULL, NULL, NULL);
  pthread_exit(NULL);

  return 0;
}

Determining if the function pthread_create exists in the pthreads failed with the following output:
Change Dir: /home/kevin/Documents/Github/kVisons/kslam/cmake-build-debug/CMakeFiles/CMakeTmp

Run Build Command(s):/usr/bin/make cmTC_74eaa/fast && /usr/bin/make -f CMakeFiles/cmTC_74eaa.dir/build.make CMakeFiles/cmTC_74eaa.dir/build
make[1]: Entering directory '/home/kevin/Documents/Github/kVisons/kslam/cmake-build-debug/CMakeFiles/CMakeTmp'
Building C object CMakeFiles/cmTC_74eaa.dir/CheckFunctionExists.c.o
/usr/bin/cc   -DCHECK_FUNCTION_EXISTS=pthread_create   -o CMakeFiles/cmTC_74eaa.dir/CheckFunctionExists.c.o   -c /home/kevin/Apps/Clion/bin/cmake/linux/share/cmake-3.16/Modules/CheckFunctionExists.c
Linking C executable cmTC_74eaa
/home/kevin/Apps/Clion/bin/cmake/linux/bin/cmake -E cmake_link_script CMakeFiles/cmTC_74eaa.dir/link.txt --verbose=1
/usr/bin/cc  -DCHECK_FUNCTION_EXISTS=pthread_create    -rdynamic CMakeFiles/cmTC_74eaa.dir/CheckFunctionExists.c.o  -o cmTC_74eaa  -lpthreads 
/usr/bin/ld: cannot find -lpthreads
collect2: error: ld returned 1 exit status
CMakeFiles/cmTC_74eaa.dir/build.make:86: recipe for target 'cmTC_74eaa' failed
make[1]: *** [cmTC_74eaa] Error 1
make[1]: Leaving directory '/home/kevin/Documents/Github/kVisons/kslam/cmake-build-debug/CMakeFiles/CMakeTmp'
Makefile:121: recipe for target 'cmTC_74eaa/fast' failed
make: *** [cmTC_74eaa/fast] Error 2



